<?xml version="1.0" encoding="UTF-8"?>
<!-- Generated by org.testng.reporters.JUnitReportReporter -->
<testsuite hostname="DESKTOP-JA0T08A" failures="0" tests="1" name="testcases.HomeTest" time="0.000" errors="0" timestamp="2022-11-10T21:47:24 MEZ" skipped="1">
  <testcase classname="testcases.HomeTest" name="Test1" time="0.000">
    <skipped/>
  </testcase> <!-- Test1 -->
  <system-out/>
</testsuite> <!-- testcases.HomeTest -->
